{"timestamp": "2025-09-04T13:14:13.654255", "level": "INFO", "message": "Logging initialized at level INFO", "module": "logger", "function": "setup_logging", "line": 99}
{"timestamp": "2025-09-04T13:15:29.495654", "level": "INFO", "message": "Logging initialized at level INFO", "module": "logger", "function": "setup_logging", "line": 170}
{"timestamp": "2025-09-04T13:17:13.228582", "level": "INFO", "message": "Logging initialized at level INFO", "module": "logger", "function": "setup_logging", "line": 170}
{"timestamp": "2025-09-04T13:18:14.717238", "level": "INFO", "message": "Logging initialized at level INFO", "module": "logger", "function": "setup_logging", "line": 170}
{"timestamp": "2025-09-04T13:19:32.057434", "level": "INFO", "message": "Logging initialized at level INFO", "module": "logger", "function": "setup_logging", "line": 170}
{"timestamp": "2025-09-04T13:21:24.893306", "level": "INFO", "message": "Logging initialized at level INFO", "module": "logger", "function": "setup_logging", "line": 170}
{"timestamp": "2025-09-04T13:21:35.365117", "level": "INFO", "message": "Logging initialized at level INFO", "module": "logger", "function": "setup_logging", "line": 170}
{"timestamp": "2025-09-04T13:22:05.424042", "level": "INFO", "message": "Logging initialized at level INFO", "module": "logger", "function": "setup_logging", "line": 170}
{"timestamp": "2025-09-04T13:22:05.546767", "level": "INFO", "message": "Running application on http://127.0.0.1:8001", "module": "main", "function": "<module>", "line": 101}
{"timestamp": "2025-09-04T13:22:05.788540", "level": "INFO", "message": "Logging initialized at level INFO", "module": "logger", "function": "setup_logging", "line": 170}
{"timestamp": "2025-09-04T13:22:05.878129", "level": "INFO", "message": "Starting Trail Tail API application", "module": "main", "function": "startup_event", "line": 52}
{"timestamp": "2025-09-04T13:22:05.962624", "level": "INFO", "message": "Registering providers in environment: development", "module": "provider_setup", "function": "register_providers", "line": 26}
{"timestamp": "2025-09-04T13:22:05.962748", "level": "INFO", "message": "Initializing provider: MockRoutesProvider", "module": "base_provider", "function": "__init__", "line": 30}
{"timestamp": "2025-09-04T13:22:05.962789", "level": "INFO", "message": "Registering routes provider: MockRoutesProvider", "module": "provider_factory", "function": "register_routes_provider", "line": 33}
{"timestamp": "2025-09-04T13:22:05.962819", "level": "INFO", "message": "Initializing provider: MockNarrativesProvider", "module": "base_provider", "function": "__init__", "line": 30}
{"timestamp": "2025-09-04T13:22:05.962838", "level": "INFO", "message": "Registering narratives provider: MockNarrativesProvider", "module": "provider_factory", "function": "register_narratives_provider", "line": 39}
{"timestamp": "2025-09-04T13:22:05.962859", "level": "INFO", "message": "Initializing provider: MockAREncountersProvider", "module": "base_provider", "function": "__init__", "line": 30}
{"timestamp": "2025-09-04T13:22:05.962874", "level": "INFO", "message": "Registering AR encounters provider: MockAREncountersProvider", "module": "provider_factory", "function": "register_ar_encounters_provider", "line": 45}
{"timestamp": "2025-09-04T13:22:05.962893", "level": "INFO", "message": "Initializing provider: MockSafetyProvider", "module": "base_provider", "function": "__init__", "line": 30}
{"timestamp": "2025-09-04T13:22:05.962908", "level": "INFO", "message": "Registering safety provider: MockSafetyProvider", "module": "provider_factory", "function": "register_safety_provider", "line": 51}
{"timestamp": "2025-09-04T13:22:05.962925", "level": "INFO", "message": "Initializing provider: MockUsersProvider", "module": "base_provider", "function": "__init__", "line": 30}
{"timestamp": "2025-09-04T13:22:05.962940", "level": "INFO", "message": "Registering users provider: MockUsersProvider", "module": "provider_factory", "function": "register_users_provider", "line": 57}
{"timestamp": "2025-09-04T13:22:05.962955", "level": "INFO", "message": "All providers registered successfully!", "module": "provider_setup", "function": "register_providers", "line": 39}
{"timestamp": "2025-09-04T13:22:05.962979", "level": "INFO", "message": "Application started in development mode", "module": "main", "function": "startup_event", "line": 58}
{"timestamp": "2025-09-04T13:23:46.173278", "level": "INFO", "message": "Request started", "module": "logger", "function": "dispatch", "line": 76}
{"timestamp": "2025-09-04T13:23:46.174213", "level": "INFO", "message": "Route generation requested", "module": "routes", "function": "generate_route", "line": 44}
{"timestamp": "2025-09-04T13:23:46.174399", "level": "ERROR", "message": "Unexpected error in route generation: \"Attempt to overwrite 'name' in LogRecord\"", "module": "routes", "function": "generate_route", "line": 102, "exception": "Traceback (most recent call last):\n  File \"/Users/yelyzavetalysova/Documents/GitHub/Trail_Tail/backend/app/routes/routes.py\", line 87, in generate_route\n    logger.info(f\"Route generated successfully\",\n    ~~~~~~~~~~~^^^^^^^^^^^^^^^^^^^^^^^^^^^^^^^^^\n               extra={\"route_id\": result.id, \"name\": result.name})\n               ^^^^^^^^^^^^^^^^^^^^^^^^^^^^^^^^^^^^^^^^^^^^^^^^^^^\n  File \"/opt/homebrew/Cellar/python@3.13/3.13.7/Frameworks/Python.framework/Versions/3.13/lib/python3.13/logging/__init__.py\", line 1520, in info\n    self._log(INFO, msg, args, **kwargs)\n    ~~~~~~~~~^^^^^^^^^^^^^^^^^^^^^^^^^^^\n  File \"/opt/homebrew/Cellar/python@3.13/3.13.7/Frameworks/Python.framework/Versions/3.13/lib/python3.13/logging/__init__.py\", line 1663, in _log\n    record = self.makeRecord(self.name, level, fn, lno, msg, args,\n                             exc_info, func, extra, sinfo)\n  File \"/opt/homebrew/Cellar/python@3.13/3.13.7/Frameworks/Python.framework/Versions/3.13/lib/python3.13/logging/__init__.py\", line 1637, in makeRecord\n    raise KeyError(\"Attempt to overwrite %r in LogRecord\" % key)\nKeyError: \"Attempt to overwrite 'name' in LogRecord\""}
{"timestamp": "2025-09-04T13:23:46.190151", "level": "ERROR", "message": "HTTP Exception: Internal server error: \"Attempt to overwrite 'name' in LogRecord\"", "module": "handlers", "function": "handle_http_exception", "line": 53}
{"timestamp": "2025-09-04T13:23:46.190361", "level": "INFO", "message": "Request completed", "module": "logger", "function": "dispatch", "line": 94}
{"timestamp": "2025-09-04T13:23:58.533605", "level": "INFO", "message": "Request started", "module": "logger", "function": "dispatch", "line": 76}
{"timestamp": "2025-09-04T13:23:58.534200", "level": "INFO", "message": "Route generation requested", "module": "routes", "function": "generate_route", "line": 44}
{"timestamp": "2025-09-04T13:23:58.534316", "level": "ERROR", "message": "Unexpected error in route generation: \"Attempt to overwrite 'name' in LogRecord\"", "module": "routes", "function": "generate_route", "line": 102, "exception": "Traceback (most recent call last):\n  File \"/Users/yelyzavetalysova/Documents/GitHub/Trail_Tail/backend/app/routes/routes.py\", line 87, in generate_route\n    logger.info(f\"Route generated successfully\",\n    ~~~~~~~~~~~^^^^^^^^^^^^^^^^^^^^^^^^^^^^^^^^^\n               extra={\"route_id\": result.id, \"name\": result.name})\n               ^^^^^^^^^^^^^^^^^^^^^^^^^^^^^^^^^^^^^^^^^^^^^^^^^^^\n  File \"/opt/homebrew/Cellar/python@3.13/3.13.7/Frameworks/Python.framework/Versions/3.13/lib/python3.13/logging/__init__.py\", line 1520, in info\n    self._log(INFO, msg, args, **kwargs)\n    ~~~~~~~~~^^^^^^^^^^^^^^^^^^^^^^^^^^^\n  File \"/opt/homebrew/Cellar/python@3.13/3.13.7/Frameworks/Python.framework/Versions/3.13/lib/python3.13/logging/__init__.py\", line 1663, in _log\n    record = self.makeRecord(self.name, level, fn, lno, msg, args,\n                             exc_info, func, extra, sinfo)\n  File \"/opt/homebrew/Cellar/python@3.13/3.13.7/Frameworks/Python.framework/Versions/3.13/lib/python3.13/logging/__init__.py\", line 1637, in makeRecord\n    raise KeyError(\"Attempt to overwrite %r in LogRecord\" % key)\nKeyError: \"Attempt to overwrite 'name' in LogRecord\""}
{"timestamp": "2025-09-04T13:23:58.536112", "level": "ERROR", "message": "HTTP Exception: Internal server error: \"Attempt to overwrite 'name' in LogRecord\"", "module": "handlers", "function": "handle_http_exception", "line": 53}
{"timestamp": "2025-09-04T13:23:58.536334", "level": "INFO", "message": "Request completed", "module": "logger", "function": "dispatch", "line": 94}
{"timestamp": "2025-09-04T13:24:06.824416", "level": "INFO", "message": "Request started", "module": "logger", "function": "dispatch", "line": 76}
{"timestamp": "2025-09-04T13:24:06.824710", "level": "INFO", "message": "Route generation requested", "module": "routes", "function": "generate_route", "line": 44}
{"timestamp": "2025-09-04T13:24:06.824801", "level": "ERROR", "message": "Unexpected error in route generation: \"Attempt to overwrite 'name' in LogRecord\"", "module": "routes", "function": "generate_route", "line": 102, "exception": "Traceback (most recent call last):\n  File \"/Users/yelyzavetalysova/Documents/GitHub/Trail_Tail/backend/app/routes/routes.py\", line 87, in generate_route\n    logger.info(f\"Route generated successfully\",\n    ~~~~~~~~~~~^^^^^^^^^^^^^^^^^^^^^^^^^^^^^^^^^\n               extra={\"route_id\": result.id, \"name\": result.name})\n               ^^^^^^^^^^^^^^^^^^^^^^^^^^^^^^^^^^^^^^^^^^^^^^^^^^^\n  File \"/opt/homebrew/Cellar/python@3.13/3.13.7/Frameworks/Python.framework/Versions/3.13/lib/python3.13/logging/__init__.py\", line 1520, in info\n    self._log(INFO, msg, args, **kwargs)\n    ~~~~~~~~~^^^^^^^^^^^^^^^^^^^^^^^^^^^\n  File \"/opt/homebrew/Cellar/python@3.13/3.13.7/Frameworks/Python.framework/Versions/3.13/lib/python3.13/logging/__init__.py\", line 1663, in _log\n    record = self.makeRecord(self.name, level, fn, lno, msg, args,\n                             exc_info, func, extra, sinfo)\n  File \"/opt/homebrew/Cellar/python@3.13/3.13.7/Frameworks/Python.framework/Versions/3.13/lib/python3.13/logging/__init__.py\", line 1637, in makeRecord\n    raise KeyError(\"Attempt to overwrite %r in LogRecord\" % key)\nKeyError: \"Attempt to overwrite 'name' in LogRecord\""}
{"timestamp": "2025-09-04T13:24:06.825892", "level": "ERROR", "message": "HTTP Exception: Internal server error: \"Attempt to overwrite 'name' in LogRecord\"", "module": "handlers", "function": "handle_http_exception", "line": 53}
{"timestamp": "2025-09-04T13:24:06.826044", "level": "INFO", "message": "Request completed", "module": "logger", "function": "dispatch", "line": 94}
{"timestamp": "2025-09-04T13:25:28.645276", "level": "INFO", "message": "Request started", "module": "logger", "function": "dispatch", "line": 76}
{"timestamp": "2025-09-04T13:25:28.645466", "level": "ERROR", "message": "HTTP Exception: Not Found", "module": "handlers", "function": "handle_http_exception", "line": 53}
{"timestamp": "2025-09-04T13:25:28.645577", "level": "INFO", "message": "Request completed", "module": "logger", "function": "dispatch", "line": 94}
{"timestamp": "2025-09-04T13:25:38.016144", "level": "INFO", "message": "Request started", "module": "logger", "function": "dispatch", "line": 76}
{"timestamp": "2025-09-04T13:25:38.016570", "level": "INFO", "message": "Request completed", "module": "logger", "function": "dispatch", "line": 94}
{"timestamp": "2025-09-04T13:25:46.347188", "level": "INFO", "message": "Request started", "module": "logger", "function": "dispatch", "line": 76}
{"timestamp": "2025-09-04T13:25:46.347422", "level": "INFO", "message": "Request completed", "module": "logger", "function": "dispatch", "line": 94}
{"timestamp": "2025-09-04T13:26:03.437896", "level": "INFO", "message": "Request started", "module": "logger", "function": "dispatch", "line": 76}
{"timestamp": "2025-09-04T13:26:03.438326", "level": "ERROR", "message": "HTTP Exception: Not Found", "module": "handlers", "function": "handle_http_exception", "line": 53}
{"timestamp": "2025-09-04T13:26:03.438659", "level": "INFO", "message": "Request completed", "module": "logger", "function": "dispatch", "line": 94}
{"timestamp": "2025-09-04T13:26:23.965621", "level": "INFO", "message": "Request started", "module": "logger", "function": "dispatch", "line": 76}
{"timestamp": "2025-09-04T13:26:23.981985", "level": "INFO", "message": "Request completed", "module": "logger", "function": "dispatch", "line": 94}
{"timestamp": "2025-09-04T13:28:10.511671", "level": "INFO", "message": "Shutting down Trail Tail API", "module": "main", "function": "shutdown_event", "line": 68}
{"timestamp": "2025-09-04T13:28:10.803637", "level": "INFO", "message": "Logging initialized at level INFO", "module": "logger", "function": "setup_logging", "line": 170}
{"timestamp": "2025-09-04T13:28:10.852814", "level": "INFO", "message": "Starting Trail Tail API application", "module": "main", "function": "startup_event", "line": 52}
{"timestamp": "2025-09-04T13:28:10.862664", "level": "INFO", "message": "Registering providers in environment: development", "module": "provider_setup", "function": "register_providers", "line": 26}
{"timestamp": "2025-09-04T13:28:10.862719", "level": "INFO", "message": "Initializing provider: MockRoutesProvider", "module": "base_provider", "function": "__init__", "line": 30}
{"timestamp": "2025-09-04T13:28:10.862744", "level": "INFO", "message": "Registering routes provider: MockRoutesProvider", "module": "provider_factory", "function": "register_routes_provider", "line": 33}
{"timestamp": "2025-09-04T13:28:10.862767", "level": "INFO", "message": "Initializing provider: MockNarrativesProvider", "module": "base_provider", "function": "__init__", "line": 30}
{"timestamp": "2025-09-04T13:28:10.862785", "level": "INFO", "message": "Registering narratives provider: MockNarrativesProvider", "module": "provider_factory", "function": "register_narratives_provider", "line": 39}
{"timestamp": "2025-09-04T13:28:10.862804", "level": "INFO", "message": "Initializing provider: MockAREncountersProvider", "module": "base_provider", "function": "__init__", "line": 30}
{"timestamp": "2025-09-04T13:28:10.862820", "level": "INFO", "message": "Registering AR encounters provider: MockAREncountersProvider", "module": "provider_factory", "function": "register_ar_encounters_provider", "line": 45}
{"timestamp": "2025-09-04T13:28:10.862839", "level": "INFO", "message": "Initializing provider: MockSafetyProvider", "module": "base_provider", "function": "__init__", "line": 30}
{"timestamp": "2025-09-04T13:28:10.862854", "level": "INFO", "message": "Registering safety provider: MockSafetyProvider", "module": "provider_factory", "function": "register_safety_provider", "line": 51}
{"timestamp": "2025-09-04T13:28:10.862871", "level": "INFO", "message": "Initializing provider: MockUsersProvider", "module": "base_provider", "function": "__init__", "line": 30}
{"timestamp": "2025-09-04T13:28:10.862886", "level": "INFO", "message": "Registering users provider: MockUsersProvider", "module": "provider_factory", "function": "register_users_provider", "line": 57}
{"timestamp": "2025-09-04T13:28:10.862900", "level": "INFO", "message": "All providers registered successfully!", "module": "provider_setup", "function": "register_providers", "line": 39}
{"timestamp": "2025-09-04T13:28:10.862915", "level": "INFO", "message": "Application started in development mode", "module": "main", "function": "startup_event", "line": 58}
{"timestamp": "2025-09-04T13:31:52.105087", "level": "INFO", "message": "Shutting down Trail Tail API", "module": "main", "function": "shutdown_event", "line": 68}
{"timestamp": "2025-09-04T13:33:06.698502", "level": "INFO", "message": "Logging initialized at level INFO", "module": "logger", "function": "setup_logging", "line": 171}
{"timestamp": "2025-09-04T13:33:06.747341", "level": "INFO", "message": "Running application on http://127.0.0.1:8001", "module": "main", "function": "<module>", "line": 101}
{"timestamp": "2025-09-04T13:33:06.975047", "level": "INFO", "message": "Logging initialized at level INFO", "module": "logger", "function": "setup_logging", "line": 171}
{"timestamp": "2025-09-04T13:33:07.020193", "level": "INFO", "message": "Starting Trail Tail API application", "module": "main", "function": "startup_event", "line": 52}
{"timestamp": "2025-09-04T13:33:07.030746", "level": "INFO", "message": "Registering providers in environment: development", "module": "provider_setup", "function": "register_providers", "line": 26}
{"timestamp": "2025-09-04T13:33:07.030794", "level": "INFO", "message": "Initializing provider: MockRoutesProvider", "module": "base_provider", "function": "__init__", "line": 30}
{"timestamp": "2025-09-04T13:33:07.030814", "level": "INFO", "message": "Registering routes provider: MockRoutesProvider", "module": "provider_factory", "function": "register_routes_provider", "line": 33}
{"timestamp": "2025-09-04T13:33:07.030835", "level": "INFO", "message": "Initializing provider: MockNarrativesProvider", "module": "base_provider", "function": "__init__", "line": 30}
{"timestamp": "2025-09-04T13:33:07.030851", "level": "INFO", "message": "Registering narratives provider: MockNarrativesProvider", "module": "provider_factory", "function": "register_narratives_provider", "line": 39}
{"timestamp": "2025-09-04T13:33:07.030869", "level": "INFO", "message": "Initializing provider: MockAREncountersProvider", "module": "base_provider", "function": "__init__", "line": 30}
{"timestamp": "2025-09-04T13:33:07.030885", "level": "INFO", "message": "Registering AR encounters provider: MockAREncountersProvider", "module": "provider_factory", "function": "register_ar_encounters_provider", "line": 45}
{"timestamp": "2025-09-04T13:33:07.030902", "level": "INFO", "message": "Initializing provider: MockSafetyProvider", "module": "base_provider", "function": "__init__", "line": 30}
{"timestamp": "2025-09-04T13:33:07.030917", "level": "INFO", "message": "Registering safety provider: MockSafetyProvider", "module": "provider_factory", "function": "register_safety_provider", "line": 51}
{"timestamp": "2025-09-04T13:33:07.030933", "level": "INFO", "message": "Initializing provider: MockUsersProvider", "module": "base_provider", "function": "__init__", "line": 30}
{"timestamp": "2025-09-04T13:33:07.030947", "level": "INFO", "message": "Registering users provider: MockUsersProvider", "module": "provider_factory", "function": "register_users_provider", "line": 57}
{"timestamp": "2025-09-04T13:33:07.030961", "level": "INFO", "message": "All providers registered successfully!", "module": "provider_setup", "function": "register_providers", "line": 39}
{"timestamp": "2025-09-04T13:33:07.030975", "level": "INFO", "message": "Application started in development mode", "module": "main", "function": "startup_event", "line": 58}
{"timestamp": "2025-09-04T13:33:27.446221", "level": "INFO", "message": "Request started", "module": "logger", "function": "dispatch", "line": 77}
{"timestamp": "2025-09-04T13:33:27.446756", "level": "INFO", "message": "Route details requested", "module": "routes", "function": "get_route", "line": 108}
{"timestamp": "2025-09-04T13:33:27.446796", "level": "INFO", "message": "Route details retrieved successfully", "module": "routes", "function": "get_route", "line": 117}
{"timestamp": "2025-09-04T13:33:27.447030", "level": "INFO", "message": "Request completed", "module": "logger", "function": "dispatch", "line": 95}
{"timestamp": "2025-09-04T13:33:44.398727", "level": "INFO", "message": "Request started", "module": "logger", "function": "dispatch", "line": 77}
{"timestamp": "2025-09-04T13:33:44.399131", "level": "INFO", "message": "Route generation requested: lat=37.7749, lng=-122.4194, distance=3.0", "module": "routes", "function": "generate_route", "line": 44}
{"timestamp": "2025-09-04T13:33:44.399212", "level": "INFO", "message": "Route generated successfully for 'Family-friendly Easy Adventure Trail'", "module": "routes", "function": "generate_route", "line": 87}
{"timestamp": "2025-09-04T13:33:44.399576", "level": "INFO", "message": "Request completed", "module": "logger", "function": "dispatch", "line": 95}
{"timestamp": "2025-09-04T13:33:56.725020", "level": "INFO", "message": "Request started", "module": "logger", "function": "dispatch", "line": 77}
{"timestamp": "2025-09-04T13:33:56.725709", "level": "INFO", "message": "Narrative generation requested for route_id=route_12345, mode=NarrativeMode.FANTASY", "module": "narratives", "function": "generate_narrative", "line": 39}
{"timestamp": "2025-09-04T13:33:56.725849", "level": "INFO", "message": "Generated 4 narratives successfully", "module": "narratives", "function": "generate_narrative", "line": 64}
{"timestamp": "2025-09-04T13:33:56.725978", "level": "INFO", "message": "Request completed", "module": "logger", "function": "dispatch", "line": 95}
{"timestamp": "2025-09-04T13:36:15.237853", "level": "INFO", "message": "Request started", "module": "logger", "function": "dispatch", "line": 77}
{"timestamp": "2025-09-04T13:36:15.239238", "level": "INFO", "message": "Route details requested", "module": "routes", "function": "get_route", "line": 108}
{"timestamp": "2025-09-04T13:36:15.239343", "level": "INFO", "message": "Route details retrieved successfully", "module": "routes", "function": "get_route", "line": 117}
{"timestamp": "2025-09-04T13:36:15.239684", "level": "INFO", "message": "Request completed", "module": "logger", "function": "dispatch", "line": 95}
{"timestamp": "2025-09-04T13:36:24.582351", "level": "INFO", "message": "Request started", "module": "logger", "function": "dispatch", "line": 77}
{"timestamp": "2025-09-04T13:36:24.582952", "level": "INFO", "message": "Route details requested", "module": "routes", "function": "get_route", "line": 108}
{"timestamp": "2025-09-04T13:36:24.583036", "level": "INFO", "message": "Route details retrieved successfully", "module": "routes", "function": "get_route", "line": 117}
{"timestamp": "2025-09-04T13:36:24.583409", "level": "INFO", "message": "Request completed", "module": "logger", "function": "dispatch", "line": 95}
{"timestamp": "2025-09-04T13:36:24.587049", "level": "INFO", "message": "Request started", "module": "logger", "function": "dispatch", "line": 77}
{"timestamp": "2025-09-04T13:36:24.587597", "level": "INFO", "message": "Narrative generation requested for route_id=route_24680, mode=NarrativeMode.FANTASY", "module": "narratives", "function": "generate_narrative", "line": 39}
{"timestamp": "2025-09-04T13:36:24.587880", "level": "INFO", "message": "Generated 4 narratives successfully", "module": "narratives", "function": "generate_narrative", "line": 64}
{"timestamp": "2025-09-04T13:36:24.588201", "level": "INFO", "message": "Request completed", "module": "logger", "function": "dispatch", "line": 95}
{"timestamp": "2025-09-04T13:36:27.729646", "level": "INFO", "message": "Request started", "module": "logger", "function": "dispatch", "line": 77}
{"timestamp": "2025-09-04T13:36:27.730418", "level": "INFO", "message": "Route details requested", "module": "routes", "function": "get_route", "line": 108}
{"timestamp": "2025-09-04T13:36:27.730697", "level": "INFO", "message": "Route details retrieved successfully", "module": "routes", "function": "get_route", "line": 117}
{"timestamp": "2025-09-04T13:36:27.731329", "level": "INFO", "message": "Request completed", "module": "logger", "function": "dispatch", "line": 95}
{"timestamp": "2025-09-04T13:36:30.878503", "level": "INFO", "message": "Request started", "module": "logger", "function": "dispatch", "line": 77}
{"timestamp": "2025-09-04T13:36:30.878827", "level": "INFO", "message": "Route details requested", "module": "routes", "function": "get_route", "line": 108}
{"timestamp": "2025-09-04T13:36:30.878927", "level": "INFO", "message": "Route details retrieved successfully", "module": "routes", "function": "get_route", "line": 117}
{"timestamp": "2025-09-04T13:36:30.879389", "level": "INFO", "message": "Request completed", "module": "logger", "function": "dispatch", "line": 95}
{"timestamp": "2025-09-04T13:36:30.883252", "level": "INFO", "message": "Request started", "module": "logger", "function": "dispatch", "line": 77}
{"timestamp": "2025-09-04T13:36:30.883581", "level": "INFO", "message": "Narrative generation requested for route_id=route_12345, mode=NarrativeMode.FANTASY", "module": "narratives", "function": "generate_narrative", "line": 39}
{"timestamp": "2025-09-04T13:36:30.883722", "level": "INFO", "message": "Generated 4 narratives successfully", "module": "narratives", "function": "generate_narrative", "line": 64}
{"timestamp": "2025-09-04T13:36:30.883959", "level": "INFO", "message": "Request completed", "module": "logger", "function": "dispatch", "line": 95}
{"timestamp": "2025-09-04T13:36:33.066589", "level": "INFO", "message": "Request started", "module": "logger", "function": "dispatch", "line": 77}
{"timestamp": "2025-09-04T13:36:33.066865", "level": "INFO", "message": "Route details requested", "module": "routes", "function": "get_route", "line": 108}
{"timestamp": "2025-09-04T13:36:33.066940", "level": "INFO", "message": "Route details retrieved successfully", "module": "routes", "function": "get_route", "line": 117}
{"timestamp": "2025-09-04T13:36:33.067181", "level": "INFO", "message": "Request completed", "module": "logger", "function": "dispatch", "line": 95}
{"timestamp": "2025-09-04T15:00:15.935244", "level": "INFO", "message": "Shutting down Trail Tail API", "module": "main", "function": "shutdown_event", "line": 68}
{"timestamp": "2025-09-04T15:00:17.281160", "level": "INFO", "message": "Logging initialized at level INFO", "module": "logger", "function": "setup_logging", "line": 171}
{"timestamp": "2025-09-04T15:00:17.452632", "level": "INFO", "message": "Starting Trail Tail API application", "module": "main", "function": "startup_event", "line": 52}
{"timestamp": "2025-09-04T15:00:17.484277", "level": "INFO", "message": "Registering providers in environment: development", "module": "provider_setup", "function": "register_providers", "line": 26}
{"timestamp": "2025-09-04T15:00:17.484355", "level": "INFO", "message": "Initializing provider: MockRoutesProvider", "module": "base_provider", "function": "__init__", "line": 30}
{"timestamp": "2025-09-04T15:00:17.484378", "level": "INFO", "message": "Registering routes provider: MockRoutesProvider", "module": "provider_factory", "function": "register_routes_provider", "line": 33}
{"timestamp": "2025-09-04T15:00:17.484401", "level": "INFO", "message": "Initializing provider: MockNarrativesProvider", "module": "base_provider", "function": "__init__", "line": 30}
{"timestamp": "2025-09-04T15:00:17.484417", "level": "INFO", "message": "Registering narratives provider: MockNarrativesProvider", "module": "provider_factory", "function": "register_narratives_provider", "line": 39}
{"timestamp": "2025-09-04T15:00:17.484435", "level": "INFO", "message": "Initializing provider: MockAREncountersProvider", "module": "base_provider", "function": "__init__", "line": 30}
{"timestamp": "2025-09-04T15:00:17.484452", "level": "INFO", "message": "Registering AR encounters provider: MockAREncountersProvider", "module": "provider_factory", "function": "register_ar_encounters_provider", "line": 45}
{"timestamp": "2025-09-04T15:00:17.484474", "level": "INFO", "message": "Initializing provider: MockSafetyProvider", "module": "base_provider", "function": "__init__", "line": 30}
{"timestamp": "2025-09-04T15:00:17.484492", "level": "INFO", "message": "Registering safety provider: MockSafetyProvider", "module": "provider_factory", "function": "register_safety_provider", "line": 51}
{"timestamp": "2025-09-04T15:00:17.484509", "level": "INFO", "message": "Initializing provider: MockUsersProvider", "module": "base_provider", "function": "__init__", "line": 30}
{"timestamp": "2025-09-04T15:00:17.484523", "level": "INFO", "message": "Registering users provider: MockUsersProvider", "module": "provider_factory", "function": "register_users_provider", "line": 57}
{"timestamp": "2025-09-04T15:00:17.484540", "level": "INFO", "message": "All providers registered successfully!", "module": "provider_setup", "function": "register_providers", "line": 39}
{"timestamp": "2025-09-04T15:00:17.484557", "level": "INFO", "message": "Application started in development mode", "module": "main", "function": "startup_event", "line": 58}
